0 info it worked if it ends with ok
1 verbose cli [ 'C:\\Program Files\\nodejs\\node.exe',
1 verbose cli   'C:\\Program Files\\nodejs\\node_modules\\npm\\bin\\npm-cli.js',
1 verbose cli   'run',
1 verbose cli   'watchify' ]
2 info using npm@3.10.9
3 info using node@v6.9.2
4 verbose run-script [ 'prewatchify', 'watchify', 'postwatchify' ]
5 info lifecycle sp-main@0.0.0~prewatchify: sp-main@0.0.0
6 silly lifecycle sp-main@0.0.0~prewatchify: no script for prewatchify, continuing
7 info lifecycle sp-main@0.0.0~watchify: sp-main@0.0.0
8 verbose lifecycle sp-main@0.0.0~watchify: unsafe-perm in lifecycle true
9 verbose lifecycle sp-main@0.0.0~watchify: PATH: C:\Program Files\nodejs\node_modules\npm\bin\node-gyp-bin;C:\Users\4slash\Desktop\work_space\node_modules\.bin;C:\xampp\php;C:\ProgramData\ComposerSetup\bin;C:\Program Files\nodejs\;C:\WINDOWS\system32;C:\WINDOWS;C:\WINDOWS\System32\Wbem;C:\WINDOWS\System32\WindowsPowerShell\v1.0\;C:\mongodb\bin;C:\Program Files (x86)\Skype\Phone\;C:\Users\4slash\AppData\Roaming\Composer\vendor\bin;C:\Users\4slash\AppData\Roaming\npm;%USERPROFILE%\AppData\Local\Microsoft\WindowsApps;
10 verbose lifecycle sp-main@0.0.0~watchify: CWD: C:\Users\4slash\Desktop\work_space
11 silly lifecycle sp-main@0.0.0~watchify: Args: [ '/d /s /c',
11 silly lifecycle   'watchify -vd -e src/Pages/Employees/main.js -o public/Modules/Employees/build.js' ]
12 silly lifecycle sp-main@0.0.0~watchify: Returned: code: 3221225786  signal: null
13 info lifecycle sp-main@0.0.0~watchify: Failed to exec watchify script
14 verbose stack Error: sp-main@0.0.0 watchify: `watchify -vd -e src/Pages/Employees/main.js -o public/Modules/Employees/build.js`
14 verbose stack Exit status 3221225786
14 verbose stack     at EventEmitter.<anonymous> (C:\Program Files\nodejs\node_modules\npm\lib\utils\lifecycle.js:255:16)
14 verbose stack     at emitTwo (events.js:106:13)
14 verbose stack     at EventEmitter.emit (events.js:191:7)
14 verbose stack     at ChildProcess.<anonymous> (C:\Program Files\nodejs\node_modules\npm\lib\utils\spawn.js:40:14)
14 verbose stack     at emitTwo (events.js:106:13)
14 verbose stack     at ChildProcess.emit (events.js:191:7)
14 verbose stack     at maybeClose (internal/child_process.js:877:16)
14 verbose stack     at Process.ChildProcess._handle.onexit (internal/child_process.js:226:5)
15 verbose pkgid sp-main@0.0.0
16 verbose cwd C:\Users\4slash\Desktop\work_space
17 error Windows_NT 10.0.14393
18 error argv "C:\\Program Files\\nodejs\\node.exe" "C:\\Program Files\\nodejs\\node_modules\\npm\\bin\\npm-cli.js" "run" "watchify"
19 error node v6.9.2
20 error npm  v3.10.9
21 error code ELIFECYCLE
22 error sp-main@0.0.0 watchify: `watchify -vd -e src/Pages/Employees/main.js -o public/Modules/Employees/build.js`
22 error Exit status 3221225786
23 error Failed at the sp-main@0.0.0 watchify script 'watchify -vd -e src/Pages/Employees/main.js -o public/Modules/Employees/build.js'.
23 error Make sure you have the latest version of node.js and npm installed.
23 error If you do, this is most likely a problem with the sp-main package,
23 error not with npm itself.
23 error Tell the author that this fails on your system:
23 error     watchify -vd -e src/Pages/Employees/main.js -o public/Modules/Employees/build.js
23 error You can get information on how to open an issue for this project with:
23 error     npm bugs sp-main
23 error Or if that isn't available, you can get their info via:
23 error     npm owner ls sp-main
23 error There is likely additional logging output above.
24 verbose exit [ 1, true ]
